0 info it worked if it ends with ok
1 verbose cli [ 'node', '/usr/local/bin/npm', 'run', 'build' ]
2 info using npm@1.4.3
3 info using node@v0.10.26
4 verbose run-script [ 'prebuild', 'build', 'postbuild' ]
5 info prebuild supermodels.js@0.0.0
6 info build supermodels.js@0.0.0
7 verbose unsafe-perm in lifecycle true
8 info supermodels.js@0.0.0 Failed to exec build script
9 error supermodels.js@0.0.0 build: `npm run test && npm run jshint && npm run build:js && npm run build:js-min`
9 error Exit status 1
10 error Failed at the supermodels.js@0.0.0 build script.
10 error This is most likely a problem with the supermodels.js package,
10 error not with npm itself.
10 error Tell the author that this fails on your system:
10 error     npm run test && npm run jshint && npm run build:js && npm run build:js-min
10 error You can get their info via:
10 error     npm owner ls supermodels.js
10 error There is likely additional logging output above.
11 error System Darwin 13.3.0
12 error command "node" "/usr/local/bin/npm" "run" "build"
13 error cwd /Users/guest/Documents/tequid/supermodels.js
14 error node -v v0.10.26
15 error npm -v 1.4.3
16 error code ELIFECYCLE
17 verbose exit [ 1, true ]
